Info : clock speed 142481776 kHz
Info : ICDI Firmware version: 9270
Info : lm4f120h5qr.cpu: hardware has 6 breakpoints, 4 watchpoints
Info : accepting 'gdb' connection from pipe
undefined debug reason 7 - target needs reset
adapter speed: RCLK - adaptive
target state: halted
target halted due to debug-request, current mode: Thread 
xPSR: 0x01000000 pc: 0x00000f58 msp: 0x20008000
adapter speed: RCLK - adaptive
target state: halted
target halted due to debug-request, current mode: Thread 
xPSR: 0x01000000 pc: 0x00000f58 msp: 0x20008000
Info : Padding image section 0 with 4 bytes
Error: jtag status contains invalid mode value - communication failure
Error: error waiting for target flash write algorithm
Error: jtag status contains invalid mode value - communication failure
Polling target lm4f120h5qr.cpu failed, trying to reexamine
Examination failed, GDB will be halted. Polling again in 100ms
adapter speed: RCLK - adaptive
Error: mem2array: Read @ 0x400fe000, w=4, cnt=1, failed
/usr/share/openocd/scripts/mem_helper.tcl:6: Error: 
in procedure 'reset' 
in procedure 'ocd_bouncer' 
in procedure 'ocd_process_reset' 
in procedure 'ocd_process_reset_inner' called at file "embedded:startup.tcl", line 248
in procedure 'lm4f120h5qr.cpu' called at file "embedded:startup.tcl", line 286
in procedure 'ocd_bouncer' 
in procedure 'mrw' 
at file "/usr/share/openocd/scripts/mem_helper.tcl", line 6

Error: jtag status contains invalid mode value - communication failure
TARGET: lm4f120h5qr.cpu - Not halted
in procedure 'reset' 
in procedure 'ocd_bouncer'



Error: jtag status contains invalid mode value - communication failure
Polling target lm4f120h5qr.cpu failed, trying to reexamine
Examination failed, GDB will be halted. Polling again in 300ms
adapter speed: RCLK - adaptive
Error: mem2array: Read @ 0x400fe000, w=4, cnt=1, failed
/usr/share/openocd/scripts/mem_helper.tcl:6: Error: 
in procedure 'reset' 
in procedure 'ocd_bouncer' 
in procedure 'ocd_process_reset' 
in procedure 'ocd_process_reset_inner' called at file "embedded:startup.tcl", line 248
in procedure 'lm4f120h5qr.cpu' called at file "embedded:startup.tcl", line 286
in procedure 'ocd_bouncer' 
in procedure 'mrw' 
at file "/usr/share/openocd/scripts/mem_helper.tcl", line 6

in procedure 'reset' 
in procedure 'ocd_bouncer'


Info : dropped 'gdb' connection
